Fitter Finalize Stage Report for counter_and_registers
Sat Sep  5 23:20:52 2020
Quartus Prime Version 19.4.0 Build 64 12/04/2019 SC Pro Edition


---------------------
; Table of Contents ;
---------------------
  1. Legal Notice
  2. Fitter HSLP Summary
  3. Finalize Messages



----------------
; Legal Notice ;
----------------
Copyright (C) 2019  Intel Corporation. All rights reserved.
Your use of Intel Corporation's design tools, logic functions 
and other software and tools, and any partner logic 
functions, and any output files from any of the foregoing 
(including device programming or simulation files), and any 
associated documentation or information are expressly subject 
to the terms and conditions of the Intel Program License 
Subscription Agreement, the Intel Quartus Prime License Agreement,
the Intel FPGA IP License Agreement, or other applicable license
agreement, including, without limitation, that your use is for
the sole purpose of programming logic devices manufactured by
Intel and sold by Intel or its authorized distributors.  Please
refer to the applicable agreement for further details, at
https://fpgasoftware.intel.com/eula.



+--------------------------------------------------------------------------------+
; Fitter HSLP Summary                                                            ;
+--------------------------------------------------------+---------------+-------+
; Resource                                               ; Usage         ; %     ;
+--------------------------------------------------------+---------------+-------+
;                                                        ;               ;       ;
; Programmable power technology high-speed tiles         ; 23 / 3,531    ; < 1 % ;
; Programmable power technology low-power tiles          ; 3,508 / 3,531 ; 99 %  ;
;     -- low-power tiles that are used by the design     ; 0 / 3,508     ; 0 %   ;
;     -- unused tiles (low-power)                        ; 3,508 / 3,508 ; 100 % ;
;                                                        ;               ;       ;
; Programmable power technology high-speed LAB tiles     ; 23 / 2,642    ; < 1 % ;
; Programmable power technology low-power LAB tiles      ; 2,619 / 2,642 ; 99 %  ;
;     -- low-power LAB tiles that are used by the design ; 0 / 2,619     ; 0 %   ;
;     -- unused LAB tiles (low-power)                    ; 2,619 / 2,619 ; 100 % ;
;                                                        ;               ;       ;
+--------------------------------------------------------+---------------+-------+


+-------------------+
; Finalize Messages ;
+-------------------+
Info (20030): Parallel compilation is enabled and will use 4 of the 4 processors detected
Info: *******************************************************************
Info: Running Quartus Prime Fitter
    Info: Version 19.4.0 Build 64 12/04/2019 SC Pro Edition
    Info: Processing started: Sat Sep  5 23:19:54 2020
    Info: System process ID: 14896
Info: Command: quartus_fit --read_settings_files=on --write_settings_files=off counter_and_registers -c counter_and_registers
Info: qfit2_default_script.tcl version: #1
Info: Project  = counter_and_registers
Info: Revision = counter_and_registers
Info (11888): Total time spent on timing analysis during Post-Routing is 0.00 seconds.
Info (16557): Fitter post-fit operations ending: elapsed time is 00:00:04


